# JRE version: Java(TM) SE Runtime Environment (8.0_131-b11) (build 1.8.0_131-b11)
# Java VM: Java HotSpot(TM) 64-Bit Server VM (25.131-b11 mixed mode linux-amd64 compressed oops)
Heap:
 PSYoungGen      total 144896K, used 83098K [0x00000000e1f80000, 0x00000000ec980000, 0x0000000100000000)
  eden space 134144K, 53% used [0x00000000e1f80000,0x00000000e662dcd8,0x00000000ea280000)
  from space 10752K, 99% used [0x00000000ebf00000,0x00000000ec978c98,0x00000000ec980000)
  to   space 13824K, 0% used [0x00000000eae80000,0x00000000eae80000,0x00000000ebc00000)
 ParOldGen       total 53248K, used 21582K [0x00000000a5e00000, 0x00000000a9200000, 0x00000000e1f80000)
  object space 53248K, 40% used [0x00000000a5e00000,0x00000000a7313bf8,0x00000000a9200000)
 Metaspace       used 33083K, capacity 33718K, committed 34048K, reserved 1079296K
  class space    used 4064K, capacity 4253K, committed 4352K, reserved 1048576K
GC Heap History (10 events):
Event: 6.341 GC heap before
{Heap before GC invocations=7 (full 0):
 PSYoungGen      total 56832K, used 54624K [0x00000000e1f80000, 0x00000000e5f80000, 0x0000000100000000)
  eden space 48128K, 100% used [0x00000000e1f80000,0x00000000e4e80000,0x00000000e4e80000)
  from space 8704K, 74% used [0x00000000e5700000,0x00000000e5d58020,0x00000000e5f80000)
  to   space 8704K, 0% used [0x00000000e4e80000,0x00000000e4e80000,0x00000000e5700000)
 ParOldGen       total 62976K, used 12112K [0x00000000a5e00000, 0x00000000a9b80000, 0x00000000e1f80000)
  object space 62976K, 19% used [0x00000000a5e00000,0x00000000a69d4030,0x00000000a9b80000)
 Metaspace       used 16362K, capacity 16638K, committed 17024K, reserved 1064960K
  class space    used 1952K, capacity 2049K, committed 2176K, reserved 1048576K
Event: 6.375 GC heap after
Heap after GC invocations=7 (full 0):
 PSYoungGen      total 56832K, used 8680K [0x00000000e1f80000, 0x00000000e9180000, 0x0000000100000000)
  eden space 48128K, 0% used [0x00000000e1f80000,0x00000000e1f80000,0x00000000e4e80000)
  from space 8704K, 99% used [0x00000000e4e80000,0x00000000e56fa0a0,0x00000000e5700000)
  to   space 10240K, 0% used [0x00000000e8780000,0x00000000e8780000,0x00000000e9180000)
 ParOldGen       total 62976K, used 13444K [0x00000000a5e00000, 0x00000000a9b80000, 0x00000000e1f80000)
  object space 62976K, 21% used [0x00000000a5e00000,0x00000000a6b21128,0x00000000a9b80000)
 Metaspace       used 16362K, capacity 16638K, committed 17024K, reserved 1064960K
  class space    used 1952K, capacity 2049K, committed 2176K, reserved 1048576K
}
Event: 7.861 GC heap before
{Heap before GC invocations=8 (full 0):
 PSYoungGen      total 56832K, used 56786K [0x00000000e1f80000, 0x00000000e9180000, 0x0000000100000000)
  eden space 48128K, 99% used [0x00000000e1f80000,0x00000000e4e7a828,0x00000000e4e80000)
  from space 8704K, 99% used [0x00000000e4e80000,0x00000000e56fa0a0,0x00000000e5700000)
  to   space 10240K, 0% used [0x00000000e8780000,0x00000000e8780000,0x00000000e9180000)
 ParOldGen       total 62976K, used 13444K [0x00000000a5e00000, 0x00000000a9b80000, 0x00000000e1f80000)
  object space 62976K, 21% used [0x00000000a5e00000,0x00000000a6b21128,0x00000000a9b80000)
 Metaspace       used 20480K, capacity 20936K, committed 21120K, reserved 1067008K
  class space    used 2482K, capacity 2610K, committed 2688K, reserved 1048576K
Event: 7.891 GC heap after
Heap after GC invocations=8 (full 0):
 PSYoungGen      total 105472K, used 9990K [0x00000000e1f80000, 0x00000000e9380000, 0x0000000100000000)
  eden space 95232K, 0% used [0x00000000e1f80000,0x00000000e1f80000,0x00000000e7c80000)
  from space 10240K, 97% used [0x00000000e8780000,0x00000000e9141be0,0x00000000e9180000)
  to   space 11264K, 0% used [0x00000000e7c80000,0x00000000e7c80000,0x00000000e8780000)
 ParOldGen       total 62976K, used 14774K [0x00000000a5e00000, 0x00000000a9b80000, 0x00000000e1f80000)
  object space 62976K, 23% used [0x00000000a5e00000,0x00000000a6c6d958,0x00000000a9b80000)
 Metaspace       used 20480K, capacity 20936K, committed 21120K, reserved 1067008K
  class space    used 2482K, capacity 2610K, committed 2688K, reserved 1048576K
}
Event: 8.101 GC heap before
{Heap before GC invocations=9 (full 0):
 PSYoungGen      total 105472K, used 27936K [0x00000000e1f80000, 0x00000000e9380000, 0x0000000100000000)
  eden space 95232K, 18% used [0x00000000e1f80000,0x00000000e3106770,0x00000000e7c80000)
  from space 10240K, 97% used [0x00000000e8780000,0x00000000e9141be0,0x00000000e9180000)
  to   space 11264K, 0% used [0x00000000e7c80000,0x00000000e7c80000,0x00000000e8780000)
 ParOldGen       total 62976K, used 14774K [0x00000000a5e00000, 0x00000000a9b80000, 0x00000000e1f80000)
  object space 62976K, 23% used [0x00000000a5e00000,0x00000000a6c6d958,0x00000000a9b80000)
 Metaspace       used 20743K, capacity 21160K, committed 21296K, reserved 1069056K
  class space    used 2504K, capacity 2642K, committed 2688K, reserved 1048576K
Event: 8.130 GC heap after
Heap after GC invocations=9 (full 0):
 PSYoungGen      total 106496K, used 6489K [0x00000000e1f80000, 0x00000000ec980000, 0x0000000100000000)
  eden space 95232K, 0% used [0x00000000e1f80000,0x00000000e1f80000,0x00000000e7c80000)
  from space 11264K, 57% used [0x00000000e7c80000,0x00000000e82d67c0,0x00000000e8780000)
  to   space 10752K, 0% used [0x00000000ebf00000,0x00000000ebf00000,0x00000000ec980000)
 ParOldGen       total 62976K, used 18218K [0x00000000a5e00000, 0x00000000a9b80000, 0x00000000e1f80000)
  object space 62976K, 28% used [0x00000000a5e00000,0x00000000a6fca968,0x00000000a9b80000)
 Metaspace       used 20743K, capacity 21160K, committed 21296K, reserved 1069056K
  class space    used 2504K, capacity 2642K, committed 2688K, reserved 1048576K
}
Event: 8.130 GC heap before
{Heap before GC invocations=10 (full 1):
 PSYoungGen      total 106496K, used 6489K [0x00000000e1f80000, 0x00000000ec980000, 0x0000000100000000)
  eden space 95232K, 0% used [0x00000000e1f80000,0x00000000e1f80000,0x00000000e7c80000)
  from space 11264K, 57% used [0x00000000e7c80000,0x00000000e82d67c0,0x00000000e8780000)
  to   space 10752K, 0% used [0x00000000ebf00000,0x00000000ebf00000,0x00000000ec980000)
 ParOldGen       total 62976K, used 18218K [0x00000000a5e00000, 0x00000000a9b80000, 0x00000000e1f80000)
  object space 62976K, 28% used [0x00000000a5e00000,0x00000000a6fca968,0x00000000a9b80000)
 Metaspace       used 20743K, capacity 21160K, committed 21296K, reserved 1069056K
  class space    used 2504K, capacity 2642K, committed 2688K, reserved 1048576K
Event: 8.293 GC heap after
Heap after GC invocations=10 (full 1):
 PSYoungGen      total 106496K, used 0K [0x00000000e1f80000, 0x00000000ec980000, 0x0000000100000000)
  eden space 95232K, 0% used [0x00000000e1f80000,0x00000000e1f80000,0x00000000e7c80000)
  from space 11264K, 0% used [0x00000000e7c80000,0x00000000e7c80000,0x00000000e8780000)
  to   space 10752K, 0% used [0x00000000ebf00000,0x00000000ebf00000,0x00000000ec980000)
 ParOldGen       total 53248K, used 17029K [0x00000000a5e00000, 0x00000000a9200000, 0x00000000e1f80000)
  object space 53248K, 31% used [0x00000000a5e00000,0x00000000a6ea1478,0x00000000a9200000)
 Metaspace       used 20743K, capacity 21160K, committed 21296K, reserved 1069056K
  class space    used 2504K, capacity 2642K, committed 2688K, reserved 1048576K
}
Event: 10.890 GC heap before
{Heap before GC invocations=11 (full 1):
 PSYoungGen      total 106496K, used 95232K [0x00000000e1f80000, 0x00000000ec980000, 0x0000000100000000)
  eden space 95232K, 100% used [0x00000000e1f80000,0x00000000e7c80000,0x00000000e7c80000)
  from space 11264K, 0% used [0x00000000e7c80000,0x00000000e7c80000,0x00000000e8780000)
  to   space 10752K, 0% used [0x00000000ebf00000,0x00000000ebf00000,0x00000000ec980000)
 ParOldGen       total 53248K, used 17029K [0x00000000a5e00000, 0x00000000a9200000, 0x00000000e1f80000)
  object space 53248K, 31% used [0x00000000a5e00000,0x00000000a6ea1478,0x00000000a9200000)
 Metaspace       used 24248K, capacity 24816K, committed 24960K, reserved 1071104K
  class space    used 2947K, capacity 3116K, committed 3200K, reserved 1048576K
Event: 10.934 GC heap after
Heap after GC invocations=11 (full 1):
 PSYoungGen      total 144896K, used 10723K [0x00000000e1f80000, 0x00000000ec980000, 0x0000000100000000)
  eden space 134144K, 0% used [0x00000000e1f80000,0x00000000e1f80000,0x00000000ea280000)
  from space 10752K, 99% used [0x00000000ebf00000,0x00000000ec978c98,0x00000000ec980000)
  to   space 13824K, 0% used [0x00000000eae80000,0x00000000eae80000,0x00000000ebc00000)
 ParOldGen       total 53248K, used 21582K [0x00000000a5e00000, 0x00000000a9200000, 0x00000000e1f80000)
  object space 53248K, 40% used [0x00000000a5e00000,0x00000000a7313bf8,0x00000000a9200000)
 Metaspace       used 24248K, capacity 24816K, committed 24960K, reserved 1071104K
  class space    used 2947K, capacity 3116K, committed 3200K, reserved 1048576K
}

